Name                                           Stmts   Miss  Cover   Missing
----------------------------------------------------------------------------
src\orchestrator\__init__.py                       0      0   100%
src\orchestrator\agents\__init__.py                0      0   100%
src\orchestrator\agents\architect.py             107     50    53%   35-137, 233-235, 269-280, 306-308, 351-362, 375-385
src\orchestrator\agents\executor.py              303     85    72%   120-126, 142-168, 176-215, 223-249, 319-320, 340-342, 357, 384, 389-390, 402-405, 534, 536, 568, 654-683
src\orchestrator\agents\scout.py                 115     58    50%   31-36, 47-51, 66-150, 235-248, 272-285, 289-300, 315-318
src\orchestrator\agents\validator.py             155     87    44%   78-81, 99-143, 154-156, 166-182, 191-198, 218-228, 242-270, 284-285, 320-335, 341-344, 364, 366, 379, 384, 399-406, 442
src\orchestrator\circuit_breaker.py               84      6    93%   72, 74, 128-131
src\orchestrator\clients\__init__.py               0      0   100%
src\orchestrator\clients\anthropic_client.py       7      4    43%   8-12
src\orchestrator\clients\bootstrap.py             27      9    67%   17-19, 29-31, 35-37
src\orchestrator\clients\gemini_client.py          7      0   100%
src\orchestrator\clients\groq_client.py            8      3    62%   12-18
src\orchestrator\commands\__init__.py              0      0   100%
src\orchestrator\commands\plan.py                149     42    72%   41, 46-48, 60-62, 88-90, 99-100, 116, 118-133, 141-143, 169-171, 187-202, 244-258
src\orchestrator\commands\preview.py             117     30    74%   45, 50-52, 63-65, 72-74, 80-82, 108-123, 191, 202-217
src\orchestrator\commands\scan.py                 61      5    92%   51-53, 139-140
src\orchestrator\doctor.py                       152     10    93%   28, 31-32, 84, 86-87, 156-157, 194-195
src\orchestrator\exceptions.py                    35      2    94%   52-53
src\orchestrator\git.py                          154     37    76%   24-25, 61-64, 85-88, 101-102, 116-118, 147-148, 178-182, 194-195, 207-208, 236-237, 260-261, 273, 322-324, 343-345
src\orchestrator\lifecycle.py                     23      0   100%
src\orchestrator\llm\__init__.py                   3      0   100%
src\orchestrator\llm\parser.py                    42      1    98%   80
src\orchestrator\main.py                         240     52    78%   12, 211, 216-218, 224-237, 246-248, 255-256, 262-264, 270-272, 276-280, 290-296, 299-305, 337-346, 372-392, 456-462, 579
src\orchestrator\observability\__init__.py         0      0   100%
src\orchestrator\observability\events.py          38      2    95%   58-60
src\orchestrator\observability\logger.py          23      1    96%   24
src\orchestrator\observability\logging.py         21      0   100%
src\orchestrator\pipeline.py                     202     22    89%   151-153, 176-183, 202, 209, 216-217, 266-268, 294-303, 321-323, 340-342
src\orchestrator\risk.py                          57      1    98%   46
src\orchestrator\safety.py                        31      2    94%   38-39
src\orchestrator\scanners\__init__.py              0      0   100%
src\orchestrator\scanners\python.py              141     13    91%   66-67, 83-84, 120, 122, 124, 128, 131, 225-226, 257, 298
src\orchestrator\schemas\__init__.py               0      0   100%
src\orchestrator\schemas\architect_output.py      21      0   100%
src\orchestrator\schemas\artifacts.py             58      0   100%
src\orchestrator\schemas\config.py               117     30    74%   111-139, 145, 147, 149, 151, 153, 157-160, 182, 184, 196-198
src\orchestrator\schemas\doctor.py                23      0   100%
src\orchestrator\schemas\executor_output.py       27      0   100%
src\orchestrator\schemas\experiment.py            40      2    95%   75-76
src\orchestrator\schemas\findings.py              38      0   100%
src\orchestrator\schemas\git.py                   24      0   100%
src\orchestrator\schemas\issue.py                 45      2    96%   71, 81
src\orchestrator\schemas\pipeline_run.py          34      0   100%
src\orchestrator\schemas\risk.py                   5      0   100%
src\orchestrator\schemas\scout_output.py          13      0   100%
src\orchestrator\schemas\validator_output.py      16      0   100%
src\orchestrator\validation_workspace.py          49     11    78%   86-99, 103-105
src\orchestrator\workspace.py                    100      5    95%   18, 58-59, 158, 187
tests\conftest.py                                 34     14    59%   13-14, 24-25, 31-37, 42-44
tests\llm\__init__.py                              0      0   100%
tests\llm\test_parser.py                          99      0   100%
tests\test_architect.py                           77      0   100%
tests\test_artifacts.py                           58      0   100%
tests\test_baseline_cli.py                       118      1    99%   135
tests\test_circuit_breaker.py                    151      5    97%   35-37, 223-224
tests\test_circuit_breaker_integration.py        124      0   100%
tests\test_cli.py                                105      0   100%
tests\test_doctor.py                             383      1    99%   228
tests\test_executor.py                            78      0   100%
tests\test_executor_scheduler.py                 157      0   100%
tests\test_experiment_schema.py                  115      0   100%
tests\test_git_safety.py                         106      0   100%
tests\test_issue_schema.py                        84      0   100%
tests\test_lifecycle.py                           62      0   100%
tests\test_observability.py                      207      1    99%   163
tests\test_pipeline.py                           171      0   100%
tests\test_plan.py                                24      0   100%
tests\test_risk_budget.py                        223      0   100%
tests\test_run_metadata.py                        21      0   100%
tests\test_safety.py                              53      8    85%   58-65
tests\test_scan.py                               257      2    99%   97, 464
tests\test_schemas.py                              9      0   100%
tests\test_scout.py                               19      0   100%
tests\test_v1_commands.py                        275      0   100%
tests\test_validation_workspace.py                74      0   100%
tests\test_validator.py                           28      0   100%
tests\test_workspace.py                           61      0   100%
tests\test_workspace_safety.py                    55      2    96%   86-87
----------------------------------------------------------------------------
TOTAL                                           6140    606    90%
