============================= test session starts =============================
platform win32 -- Python 3.12.10, pytest-9.0.3, pluggy-1.6.0 -- C:\Users\Visitante\Desktop\Projectos de Github\PatchForge\.venv\Scripts\python.exe
cachedir: .pytest_cache
rootdir: C:\Users\Visitante\Desktop\Projectos de Github\PatchForge
configfile: pyproject.toml
testpaths: tests
plugins: anyio-4.13.0, cov-7.1.0
collecting ... collected 332 items

tests/llm/test_parser.py::TestAc2Parsing::test_plain_json PASSED         [  0%]
tests/llm/test_parser.py::TestAc2Parsing::test_json_fences PASSED        [  0%]
tests/llm/test_parser.py::TestAc2Parsing::test_prose_before_json PASSED  [  0%]
tests/llm/test_parser.py::TestAc2Parsing::test_json_in_markdown PASSED   [  1%]
tests/llm/test_parser.py::TestAc2Parsing::test_braces_in_string_value PASSED [  1%]
tests/llm/test_parser.py::TestAc2Parsing::test_placeholders_before_json PASSED [  1%]
tests/llm/test_parser.py::TestAc2Parsing::test_aux_dict_before_contractual PASSED [  2%]
tests/llm/test_parser.py::TestAc3LlmpParseError::test_malformed_json PASSED [  2%]
tests/llm/test_parser.py::TestAc3LlmpParseError::test_truncated_json PASSED [  2%]
tests/llm/test_parser.py::TestAc3LlmpParseError::test_top_level_primitive_null PASSED [  3%]
tests/llm/test_parser.py::TestAc3LlmpParseError::test_top_level_primitive_number PASSED [  3%]
tests/llm/test_parser.py::TestAc3LlmpParseError::test_top_level_array PASSED [  3%]
tests/llm/test_parser.py::TestAc3LlmpParseError::test_empty_text PASSED  [  3%]
tests/llm/test_parser.py::TestAc3LlmpParseError::test_input_too_large PASSED [  4%]
tests/llm/test_parser.py::TestAc4SchemaValidationError::test_valid_json_invalid_schema PASSED [  4%]
tests/llm/test_parser.py::TestAc5TypeError::test_schema_not_a_type PASSED [  4%]
tests/llm/test_parser.py::TestAc5TypeError::test_schema_non_pydantic_class PASSED [  5%]
tests/llm/test_parser.py::TestAc5TypeError::test_schema_is_basemodel_itself PASSED [  5%]
tests/llm/test_parser.py::TestAc11Chaining::test_schema_validation_error_chains_validation_error PASSED [  5%]
tests/llm/test_parser.py::TestAc11Chaining::test_llm_parse_error_no_brace_has_no_cause PASSED [  6%]
tests/llm/test_parser.py::TestAc11Chaining::test_llm_parse_error_non_dict_has_no_cause PASSED [  6%]
tests/test_architect.py::TestArchitectRun::test_clean_json PASSED        [  6%]
tests/test_architect.py::TestArchitectRun::test_trailing_text PASSED     [  6%]
tests/test_architect.py::TestArchitectRun::test_preamble_text PASSED     [  7%]
tests/test_architect.py::TestArchitectRun::test_preamble_fenced_trailing PASSED [  7%]
tests/test_architect.py::TestArchitectRun::test_brace_in_string_value PASSED [  7%]
tests/test_architect.py::TestArchitectRun::test_raises_on_invalid_json PASSED [  8%]
tests/test_architect.py::TestArchitectRun::test_raises_on_empty_response PASSED [  8%]
tests/test_architect.py::TestArchitectRunFromIssue::test_clean_json PASSED [  8%]
tests/test_architect.py::TestArchitectRunFromIssue::test_trailing_text PASSED [  9%]
tests/test_architect.py::TestArchitectRunFromIssue::test_raises_on_invalid_json PASSED [  9%]
tests/test_architect.py::TestArchitectRunFromIssue::test_braces_in_body_do_not_crash PASSED [  9%]
tests/test_artifacts.py::test_generate_run_id_format PASSED              [  9%]
tests/test_artifacts.py::test_generate_run_id_uniqueness PASSED          [ 10%]
tests/test_artifacts.py::test_run_metadata_serialization PASSED          [ 10%]
tests/test_artifacts.py::test_run_metadata_backward_compatibility PASSED [ 10%]
tests/test_artifacts.py::test_run_metadata_lifecycle_state_all_valid_values[VALID] PASSED [ 11%]
tests/test_artifacts.py::test_run_metadata_lifecycle_state_all_valid_values[REBASEABLE] PASSED [ 11%]
tests/test_artifacts.py::test_run_metadata_lifecycle_state_all_valid_values[CONFLICT] PASSED [ 11%]
tests/test_artifacts.py::test_run_metadata_lifecycle_state_all_valid_values[STALE] PASSED [ 12%]
tests/test_artifacts.py::test_run_metadata_lifecycle_state_accepts_string_coercion PASSED [ 12%]
tests/test_artifacts.py::test_run_metadata_lifecycle_state_rejects_invalid_value PASSED [ 12%]
tests/test_baseline_cli.py::TestDoctorBaseline::test_doctor_exit_code_0_when_supported PASSED [ 12%]
tests/test_baseline_cli.py::TestDoctorBaseline::test_doctor_exit_code_1_when_unsupported PASSED [ 13%]
tests/test_baseline_cli.py::TestDoctorBaseline::test_doctor_stdout_contains_v1_supported PASSED [ 13%]
tests/test_baseline_cli.py::TestDoctorBaseline::test_doctor_json_output_parses PASSED [ 13%]
tests/test_baseline_cli.py::TestDoctorBaseline::test_doctor_does_not_write_to_target PASSED [ 14%]
tests/test_baseline_cli.py::TestScanBaseline::test_scan_exit_code_0_when_supported PASSED [ 14%]
tests/test_baseline_cli.py::TestScanBaseline::test_scan_stdout_contains_scanner_header PASSED [ 14%]
tests/test_baseline_cli.py::TestScanBaseline::test_scan_creates_findings_artifact PASSED [ 15%]
tests/test_baseline_cli.py::TestScanBaseline::test_scan_does_not_touch_target PASSED [ 15%]
tests/test_baseline_cli.py::TestScanBaseline::test_scan_rejects_workspace_inside_target PASSED [ 15%]
tests/test_circuit_breaker.py::test_closed_to_open_on_threshold PASSED   [ 15%]
tests/test_circuit_breaker.py::test_open_rejects_immediately PASSED      [ 16%]
tests/test_circuit_breaker.py::test_open_to_half_open_after_timeout PASSED [ 16%]
tests/test_circuit_breaker.py::test_half_open_success_closes PASSED      [ 16%]
tests/test_circuit_breaker.py::test_half_open_failure_reopens PASSED     [ 17%]
tests/test_circuit_breaker.py::test_failure_below_threshold_stays_closed PASSED [ 17%]
tests/test_circuit_breaker.py::test_counter_resets_on_success PASSED     [ 17%]
tests/test_circuit_breaker.py::test_half_open_rejects_additional_calls PASSED [ 18%]
tests/test_circuit_breaker.py::test_cb_open_error_not_self_counted PASSED [ 18%]
tests/test_circuit_breaker.py::test_half_open_inflight_reset_on_failure PASSED [ 18%]
tests/test_circuit_breaker_integration.py::test_low_fallback_to_groq PASSED [ 18%]
tests/test_circuit_breaker_integration.py::test_low_fallback_groq_then_claude PASSED [ 19%]
tests/test_circuit_breaker_integration.py::test_low_recoverable_sdk_exception PASSED [ 19%]
tests/test_circuit_breaker_integration.py::test_medium_fallback_to_gemini PASSED [ 19%]
tests/test_circuit_breaker_integration.py::test_medium_empty_then_gemini PASSED [ 20%]
tests/test_circuit_breaker_integration.py::test_high_fails_no_fallback PASSED [ 20%]
tests/test_circuit_breaker_integration.py::test_all_providers_exhausted PASSED [ 20%]
tests/test_circuit_breaker_integration.py::test_validator_uses_raw_stderr_when_cb_open PASSED [ 21%]
tests/test_cli.py::test_run_hidden_from_help PASSED                      [ 21%]
tests/test_cli.py::test_run_still_callable PASSED                        [ 21%]
tests/test_cli.py::test_run_shows_deprecation_warning PASSED             [ 21%]
tests/test_cli.py::test_run_rejects_legacy_flags PASSED                  [ 22%]
tests/test_cli.py::test_scan_rejects_workspace_inside_target PASSED      [ 22%]
tests/test_cli.py::test_apply_rollback_block1 PASSED                     [ 22%]
tests/test_cli.py::test_apply_rollback_block2_fail PASSED                [ 23%]
tests/test_cli.py::test_apply_rollback_block2_success PASSED             [ 23%]
tests/test_doctor.py::TestDetectTestSuite::test_tests_directory PASSED   [ 23%]
tests/test_doctor.py::TestDetectTestSuite::test_test_directory PASSED    [ 24%]
tests/test_doctor.py::TestDetectTestSuite::test_pytest_ini PASSED        [ 24%]
tests/test_doctor.py::TestDetectTestSuite::test_conftest_py PASSED       [ 24%]
tests/test_doctor.py::TestDetectTestSuite::test_tool_pytest_ini_options_in_pyproject PASSED [ 25%]
tests/test_doctor.py::TestDetectTestSuite::test_test_glob PASSED         [ 25%]
tests/test_doctor.py::TestDetectTestSuite::test_glob_alternative PASSED  [ 25%]
tests/test_doctor.py::TestDetectTestSuite::test_no_suite PASSED          [ 25%]
tests/test_doctor.py::TestCheckCommandAvailable::test_known_command PASSED [ 26%]
tests/test_doctor.py::TestCheckCommandAvailable::test_unknown_command PASSED [ 26%]
tests/test_doctor.py::TestCheckGit::test_pass PASSED                     [ 26%]
tests/test_doctor.py::TestCheckGit::test_fail_not_a_repo PASSED          [ 27%]
tests/test_doctor.py::TestCheckWorkspace::test_pass PASSED               [ 27%]
tests/test_doctor.py::TestCheckWorkspace::test_fail_when_inside_target PASSED [ 27%]
tests/test_doctor.py::TestCheckPyproject::test_pass PASSED               [ 28%]
tests/test_doctor.py::TestCheckPyproject::test_fail_no_file PASSED       [ 28%]
tests/test_doctor.py::TestCheckPyproject::test_fail_invalid_toml PASSED  [ 28%]
tests/test_doctor.py::TestCheckPyproject::test_fail_missing_build_system PASSED [ 28%]
tests/test_doctor.py::TestCheckRuff::test_pass_when_ruff_available PASSED [ 29%]
tests/test_doctor.py::TestCheckRuff::test_fail_when_ruff_unavailable PASSED [ 29%]
tests/test_doctor.py::TestCheckRuff::test_pass_with_lint_command_config PASSED [ 29%]
tests/test_doctor.py::TestCheckPytest::test_pass_with_test_dir PASSED    [ 30%]
tests/test_doctor.py::TestCheckPytest::test_fail_no_pytest_no_config PASSED [ 30%]
tests/test_doctor.py::TestCheckPytest::test_fail_pytest_available_but_no_tests PASSED [ 30%]
tests/test_doctor.py::TestCheckPytest::test_pass_with_test_command_config PASSED [ 31%]
tests/test_doctor.py::TestCheckPytest::test_fail_test_command_config_but_no_suite PASSED [ 31%]
tests/test_doctor.py::TestCheckApiKeys::test_all_missing PASSED          [ 31%]
tests/test_doctor.py::TestCheckApiKeys::test_all_present PASSED          [ 31%]
tests/test_doctor.py::TestCheckApiKeys::test_partial_presence PASSED     [ 32%]
tests/test_doctor.py::TestCheckApiKeys::test_v1_supported_unaffected PASSED [ 32%]
tests/test_doctor.py::TestDetectTypescriptDirect::test_detects_ts_files PASSED [ 32%]
tests/test_doctor.py::TestDetectTypescriptDirect::test_detects_tsx_files PASSED [ 33%]
tests/test_doctor.py::TestDetectTypescriptDirect::test_detects_nested_ts_files PASSED [ 33%]
tests/test_doctor.py::TestDetectTypescriptDirect::test_no_ts_files PASSED [ 33%]
tests/test_doctor.py::TestDetectTypescriptDirect::test_empty_directory PASSED [ 34%]
tests/test_doctor.py::TestDetectTypescript::test_typescript_warn_added_when_ts_files_exist PASSED [ 34%]
tests/test_doctor.py::TestDetectTypescript::test_typescript_no_warn_when_no_ts_files PASSED [ 34%]
tests/test_doctor.py::TestDetectTypescript::test_v1_supported_unaffected_by_typescript_warn PASSED [ 34%]
tests/test_doctor.py::TestCheck::test_v1_supported_true_when_all_pass PASSED [ 35%]
tests/test_doctor.py::TestCheck::test_v1_supported_false_when_any_required_check_fails PASSED [ 35%]
tests/test_doctor.py::TestCheck::test_dirty_tree_reported PASSED         [ 35%]
tests/test_doctor.py::TestCheck::test_does_not_write_to_target PASSED    [ 36%]
tests/test_doctor.py::TestDoctorCLI::test_json_output PASSED             [ 36%]
tests/test_doctor.py::TestDoctorCLI::test_exit_code_0_when_supported PASSED [ 36%]
tests/test_doctor.py::TestDoctorCLI::test_exit_code_1_when_unsupported PASSED [ 37%]
tests/test_doctor.py::TestDoctorCLI::test_does_not_require_api_keys PASSED [ 37%]
tests/test_executor.py::test_executor_run_returns_tuple PASSED           [ 37%]
tests/test_executor.py::test_executor_get_logger_uses_shared_helper PASSED [ 37%]
tests/test_executor.py::test_accumulated_changes_same_file PASSED        [ 38%]
tests/test_executor.py::test_rollback_to_commit_success PASSED           [ 38%]
tests/test_executor.py::test_rollback_to_commit_failure PASSED           [ 38%]
tests/test_executor.py::test_apply_task_rejects_path_traversal PASSED    [ 39%]
tests/test_executor_scheduler.py::test_build_dag_linear PASSED           [ 39%]
tests/test_executor_scheduler.py::test_build_dag_duplicate_task_id PASSED [ 39%]
tests/test_executor_scheduler.py::test_build_dag_missing_dependency PASSED [ 40%]
tests/test_executor_scheduler.py::test_topological_linear PASSED         [ 40%]
tests/test_executor_scheduler.py::test_topological_diamond PASSED        [ 40%]
tests/test_executor_scheduler.py::test_topological_cycle PASSED          [ 40%]
tests/test_executor_scheduler.py::test_linear_dag PASSED                 [ 41%]
tests/test_executor_scheduler.py::test_diamond_dag PASSED                [ 41%]
tests/test_executor_scheduler.py::test_diamond_partial_failure PASSED    [ 41%]
tests/test_executor_scheduler.py::test_cycle_detected PASSED             [ 42%]
tests/test_executor_scheduler.py::test_missing_dependency PASSED         [ 42%]
tests/test_executor_scheduler.py::test_noop_task PASSED                  [ 42%]
tests/test_executor_scheduler.py::test_no_dependencies PASSED            [ 43%]
tests/test_executor_scheduler.py::test_mixed_states PASSED               [ 43%]
tests/test_executor_scheduler.py::test_pending_review_blocks_downstream PASSED [ 43%]
tests/test_executor_scheduler.py::test_multi_file_task_partial_error PASSED [ 43%]
tests/test_executor_scheduler.py::test_long_cascade PASSED               [ 44%]
tests/test_experiment_schema.py::test_passed_verdict PASSED              [ 44%]
tests/test_experiment_schema.py::test_failed_verdict PASSED              [ 44%]
tests/test_experiment_schema.py::test_round_trip PASSED                  [ 45%]
tests/test_experiment_schema.py::test_write_verdict_writes_files PASSED  [ 45%]
tests/test_experiment_schema.py::test_write_verdict_file_not_found_error PASSED [ 45%]
tests/test_experiment_schema.py::test_write_verdict_rejects_mismatched_run_id PASSED [ 46%]
tests/test_experiment_schema.py::test_normalize_git_url PASSED           [ 46%]
tests/test_experiment_schema.py::test_experiment_schema_round_trip PASSED [ 46%]
tests/test_experiment_schema.py::test_write_read_experiment PASSED       [ 46%]
tests/test_experiment_schema.py::test_experiment_verify_success PASSED   [ 47%]
tests/test_experiment_schema.py::test_experiment_verify_mismatches PASSED [ 47%]
tests/test_git_safety.py::test_is_git_repo_true PASSED                   [ 47%]
tests/test_git_safety.py::test_is_git_repo_false PASSED                  [ 48%]
tests/test_git_safety.py::test_resolve_git_root PASSED                   [ 48%]
tests/test_git_safety.py::test_current_branch_main PASSED                [ 48%]
tests/test_git_safety.py::test_current_head_returns_sha PASSED           [ 49%]
tests/test_git_safety.py::test_is_working_tree_clean_true PASSED         [ 49%]
tests/test_git_safety.py::test_is_working_tree_clean_false PASSED        [ 49%]
tests/test_git_safety.py::test_working_tree_status_dirty PASSED          [ 50%]
tests/test_git_safety.py::test_check_patch_valid PASSED                  [ 50%]
tests/test_git_safety.py::test_check_patch_invalid PASSED                [ 50%]
tests/test_git_safety.py::test_create_controlled_branch PASSED           [ 50%]
tests/test_git_safety.py::test_apply_patch PASSED                        [ 51%]
tests/test_git_safety.py::test_revert_apply PASSED                       [ 51%]
tests/test_git_safety.py::test_repository_state PASSED                   [ 51%]
tests/test_git_safety.py::test_force_reset_apply_with_invalid_sha_does_not_clean PASSED [ 52%]
tests/test_git_safety.py::test_force_reset_apply_restores_exact_state PASSED [ 52%]
tests/test_git_safety.py::test_non_git_dir_reported_clearly PASSED       [ 52%]
tests/test_issue_schema.py::TestParseIssueMarkdown::test_full_frontmatter PASSED [ 53%]
tests/test_issue_schema.py::TestParseIssueMarkdown::test_no_frontmatter PASSED [ 53%]
tests/test_issue_schema.py::TestParseIssueMarkdown::test_partial_frontmatter PASSED [ 53%]
tests/test_issue_schema.py::TestParseIssueMarkdown::test_comma_labels PASSED [ 53%]
tests/test_issue_schema.py::TestParseIssueMarkdown::test_title_with_colon PASSED [ 54%]
tests/test_issue_schema.py::TestParseIssueMarkdown::test_empty_content_raises PASSED [ 54%]
tests/test_issue_schema.py::TestParseIssueMarkdown::test_whitespace_only_raises PASSED [ 54%]
tests/test_issue_schema.py::TestParseIssueMarkdown::test_malformed_frontmatter_raises PASSED [ 55%]
tests/test_issue_schema.py::TestParseIssueMarkdown::test_raw_preserved PASSED [ 55%]
tests/test_issue_schema.py::TestParseIssueMarkdown::test_frontmatter_body_empty PASSED [ 55%]
tests/test_issue_schema.py::TestParseIssueMarkdown::test_labels_inconsistent_whitespace PASSED [ 56%]
tests/test_issue_schema.py::TestParseIssueMarkdown::test_blank_lines_in_frontmatter PASSED [ 56%]
tests/test_issue_schema.py::TestParseIssueMarkdown::test_frontmatter_no_closing_delim PASSED [ 56%]
tests/test_issue_schema.py::TestParseIssueMarkdown::test_only_severity PASSED [ 56%]
tests/test_issue_schema.py::TestIssueInputSchema::test_defaults PASSED   [ 57%]
tests/test_issue_schema.py::TestIssueInputSchema::test_rejects_invalid_severity PASSED [ 57%]
tests/test_lifecycle.py::TestClassifyLifecycle::test_stale_when_patch_missing PASSED [ 57%]
tests/test_lifecycle.py::TestClassifyLifecycle::test_stale_when_patch_empty PASSED [ 58%]
tests/test_lifecycle.py::TestClassifyLifecycle::test_stale_when_apply_errors PASSED [ 58%]
tests/test_lifecycle.py::TestClassifyLifecycle::test_conflict_when_apply_fails PASSED [ 58%]
tests/test_lifecycle.py::TestClassifyLifecycle::test_valid_when_head_matches_and_passes PASSED [ 59%]
tests/test_lifecycle.py::TestClassifyLifecycle::test_rebaseable_when_head_differs_and_passes PASSED [ 59%]
tests/test_observability.py::TestLogEvent::test_creates_pipeline_jsonl PASSED [ 59%]
tests/test_observability.py::TestLogEvent::test_schema PASSED            [ 59%]
tests/test_observability.py::TestLogCall::test_backward_compatible_writes_agent_log PASSED [ 60%]
tests/test_observability.py::TestLogCall::test_writes_llm_calls_jsonl PASSED [ 60%]
tests/test_observability.py::TestLogCall::test_without_trace_still_writes_llm_jsonl PASSED [ 60%]
tests/test_observability.py::TestLogCall::test_with_error_sets_level_error PASSED [ 61%]
tests/test_observability.py::TestPipelineObservability::test_trace_id_is_valid_uuid PASSED [ 61%]
tests/test_observability.py::TestPipelineObservability::test_pipeline_logs_pipeline_start PASSED [ 61%]
tests/test_observability.py::TestLogFailure::test_writes_failure_event_to_pipeline_jsonl PASSED [ 62%]
tests/test_observability.py::TestLogFailure::test_schema_contains_error_type_message PASSED [ 62%]
tests/test_observability.py::TestLogFailure::test_accepts_string_error_type PASSED [ 62%]
tests/test_observability.py::TestLogFailure::test_writes_only_to_pipeline_jsonl_not_llm_calls PASSED [ 62%]
tests/test_observability.py::TestPipelineFailureIntegration::test_stage_failure_logs_structured_failure PASSED [ 63%]
tests/test_observability.py::TestPipelineFailureIntegration::test_architect_blockers_logs_structured_failure PASSED [ 63%]
tests/test_observability.py::TestGetFileLogger::test_creates_log_file PASSED [ 63%]
tests/test_observability.py::TestGetFileLogger::test_default_filename_from_name PASSED [ 64%]
tests/test_observability.py::TestGetFileLogger::test_uses_fallback_logs_dir PASSED [ 64%]
tests/test_observability.py::TestGetFileLogger::test_custom_fallback_dir PASSED [ 64%]
tests/test_observability.py::TestGetFileLogger::test_closes_and_replaces_handlers PASSED [ 65%]
tests/test_observability.py::TestGetFileLogger::test_sets_propagate_false PASSED [ 65%]
tests/test_observability.py::TestGetFileLogger::test_custom_formatter PASSED [ 65%]
tests/test_observability.py::TestGetFileLogger::test_default_level_is_debug PASSED [ 65%]
tests/test_pipeline.py::test_successful_run_completed PASSED             [ 66%]
tests/test_pipeline.py::test_pending_review_produces_awaiting_review PASSED [ 66%]
tests/test_pipeline.py::test_validator_failure_produces_validation_failed PASSED [ 66%]
tests/test_pipeline.py::test_validator_skip_does_not_crash PASSED        [ 67%]
tests/test_pipeline.py::test_architect_blockers_produce_failed PASSED    [ 67%]
tests/test_pipeline.py::test_resume_from_scout_output PASSED             [ 67%]
tests/test_pipeline.py::test_resume_from_architect_output PASSED         [ 68%]
tests/test_pipeline.py::test_resume_from_executor_reloads_task_count PASSED [ 68%]
tests/test_pipeline.py::test_failure_artifacts_populated_on_pipeline_abort PASSED [ 68%]
tests/test_pipeline.py::test_guard_no_existing_artifact PASSED           [ 68%]
tests/test_pipeline.py::test_guard_valid_version PASSED                  [ 69%]
tests/test_pipeline.py::test_guard_future_version PASSED                 [ 69%]
tests/test_pipeline.py::test_guard_past_version PASSED                   [ 69%]
tests/test_plan.py::test_defaults PASSED                                 [ 70%]
tests/test_plan.py::test_serialization PASSED                            [ 70%]
tests/test_plan.py::test_status_assignment PASSED                        [ 70%]
tests/test_risk_budget.py::TestCheckPlanGate::test_low_budget_all_low_passes PASSED [ 71%]
tests/test_risk_budget.py::TestCheckPlanGate::test_low_budget_medium_task_blocked PASSED [ 71%]
tests/test_risk_budget.py::TestCheckPlanGate::test_any_budget_high_task_blocked PASSED [ 71%]
tests/test_risk_budget.py::TestCheckPlanGate::test_medium_budget_medium_task_passes PASSED [ 71%]
tests/test_risk_budget.py::TestCheckPlanGate::test_too_many_files_blocked PASSED [ 72%]
tests/test_risk_budget.py::TestCheckPlanGate::test_file_count_within_limit_passes PASSED [ 72%]
tests/test_risk_budget.py::TestCheckPlanGate::test_multiple_violations_collected PASSED [ 72%]
tests/test_risk_budget.py::TestCheckPlanGate::test_empty_plan_passes PASSED [ 73%]
tests/test_risk_budget.py::TestCountDiffHelpers::test_count_diff_lines_normal PASSED [ 73%]
tests/test_risk_budget.py::TestCountDiffHelpers::test_count_diff_lines_new_file PASSED [ 73%]
tests/test_risk_budget.py::TestCountDiffHelpers::test_count_diff_lines_deleted_file PASSED [ 74%]
tests/test_risk_budget.py::TestCountDiffHelpers::test_count_diff_files PASSED [ 74%]
tests/test_risk_budget.py::TestCountDiffHelpers::test_count_diff_files_new_file PASSED [ 74%]
tests/test_risk_budget.py::TestCountDiffHelpers::test_empty_diff PASSED  [ 75%]
tests/test_risk_budget.py::TestCountDiffHelpers::test_ignore_index_line PASSED [ 75%]
tests/test_risk_budget.py::TestCountDiffHelpers::test_no_diff_lines_counts_zero PASSED [ 75%]
tests/test_risk_budget.py::TestCountDiffHelpers::test_multi_hunk_accumulates PASSED [ 75%]
tests/test_risk_budget.py::TestCheckPatchGate::test_within_limits_passes PASSED [ 76%]
tests/test_risk_budget.py::TestCheckPatchGate::test_exceeds_files_blocked PASSED [ 76%]
tests/test_risk_budget.py::TestCheckPatchGate::test_exceeds_diff_lines_blocked PASSED [ 76%]
tests/test_risk_budget.py::TestCheckPatchGate::test_multiple_violations_collected PASSED [ 77%]
tests/test_risk_budget.py::TestCheckPatchGate::test_empty_diff_passes PASSED [ 77%]
tests/test_risk_budget.py::TestPlanGateIntegration::test_plan_blocked_by_high_risk_task PASSED [ 77%]
tests/test_risk_budget.py::TestPlanGateIntegration::test_plan_blocked_by_too_many_files PASSED [ 78%]
tests/test_risk_budget.py::TestPlanGateIntegration::test_plan_passes_with_compliant_task PASSED [ 78%]
tests/test_risk_budget.py::TestPatchGateIntegration::test_preview_blocked_by_oversized_patch PASSED [ 78%]
tests/test_risk_budget.py::TestPatchGateIntegration::test_preview_blocked_by_too_many_files_in_diff PASSED [ 78%]
tests/test_run_metadata.py::test_schema_version_default PASSED           [ 79%]
tests/test_run_metadata.py::test_schema_version_serialization PASSED     [ 79%]
tests/test_run_metadata.py::test_schema_version_backward_compatibility PASSED [ 79%]
tests/test_run_metadata.py::test_schema_version_round_trip PASSED        [ 80%]
tests/test_safety.py::test_validate_filename_rejects_empty PASSED        [ 80%]
tests/test_safety.py::test_validate_filename_rejects_absolute PASSED     [ 80%]
tests/test_safety.py::test_validate_filename_rejects_traversal PASSED    [ 81%]
tests/test_safety.py::test_validate_filename_rejects_null_byte PASSED    [ 81%]
tests/test_safety.py::test_validate_filename_accepts_normal PASSED       [ 81%]
tests/test_safety.py::test_ensure_safe_relative_rejects_empty PASSED     [ 81%]
tests/test_safety.py::test_ensure_safe_relative_rejects_absolute PASSED  [ 82%]
tests/test_safety.py::test_ensure_safe_relative_rejects_traversal PASSED [ 82%]
tests/test_safety.py::test_ensure_safe_relative_accepts_normal PASSED    [ 82%]
tests/test_safety.py::test_ensure_safe_relative_symlink_escape SKIPPED   [ 83%]
tests/test_safety.py::test_ensure_safe_relative_nonexistent_base PASSED  [ 83%]
tests/test_safety.py::test_validate_filename_rejects_windows_absolute PASSED [ 83%]
tests/test_safety.py::test_validate_filename_rejects_windows_traversal PASSED [ 84%]
tests/test_safety.py::test_ensure_safe_relative_rejects_parent_segment PASSED [ 84%]
tests/test_scan.py::test_deterministic_scanner_full_findings PASSED      [ 84%]
tests/test_scan.py::test_scan_cli_creates_findings PASSED                [ 84%]
tests/test_scan.py::test_scan_fails_without_pyproject PASSED             [ 85%]
tests/test_scan.py::test_scan_fails_without_ruff PASSED                  [ 85%]
tests/test_scan.py::test_scan_fails_without_pytest PASSED                [ 85%]
tests/test_scan.py::test_scan_fails_without_test_suite PASSED            [ 86%]
tests/test_scan.py::test_scan_does_not_touch_target PASSED               [ 86%]
tests/test_scan.py::test_hotspots_detected PASSED                        [ 86%]
tests/test_scan.py::test_typescript_no_effect_on_v1 PASSED               [ 87%]
tests/test_scan.py::test_deterministic_scanner_no_api_keys PASSED        [ 87%]
tests/test_scan.py::test_scan_with_empty_repo_no_commits PASSED          [ 87%]
tests/test_scan.py::test_scanner_handles_syntax_error_in_file PASSED     [ 87%]
tests/test_scan.py::test_scan_writes_run_json_on_scanner_failure PASSED  [ 88%]
tests/test_scan.py::test_plan_errors_on_v1_findings PASSED               [ 88%]
tests/test_scan.py::test_scan_default_risk_budget PASSED                 [ 88%]
tests/test_scan.py::test_scan_medium_risk_budget PASSED                  [ 89%]
tests/test_scan.py::test_scan_invalid_risk_budget PASSED                 [ 89%]
tests/test_schemas.py::test_scout_output_rejects_missing_fields PASSED   [ 89%]
tests/test_schemas.py::test_hotspot_rejects_invalid_severity PASSED      [ 90%]
tests/test_scout.py::test_scout_run_returns_tuple PASSED                 [ 90%]
tests/test_scout.py::test_scout_meta_has_required_keys PASSED            [ 90%]
tests/test_v1_commands.py::test_v1_pipeline_flow PASSED                  [ 90%]
tests/test_v1_commands.py::test_apply_failure_triggers_force_reset PASSED [ 91%]
tests/test_v1_commands.py::test_apply_failure_reset_failure_fatal PASSED [ 91%]
tests/test_v1_commands.py::test_post_apply_validation_failure_triggers_rollback PASSED [ 91%]
tests/test_v1_commands.py::test_patch_checksum_mismatch_blocks_apply PASSED [ 92%]
tests/test_v1_commands.py::test_rebaseable_blocks_apply PASSED           [ 92%]
tests/test_v1_commands.py::test_v1_issue_file_flow PASSED                [ 92%]
tests/test_v1_commands.py::test_plan_with_issue_file_not_found PASSED    [ 93%]
tests/test_v1_commands.py::test_plan_issue_file_overrides_findings PASSED [ 93%]
tests/test_validation_workspace.py::test_create_temp_copy_excludes_git PASSED [ 93%]
tests/test_validation_workspace.py::test_create_temp_copy_excludes_venv PASSED [ 93%]
tests/test_validation_workspace.py::test_create_temp_copy_excludes_cache PASSED [ 94%]
tests/test_validation_workspace.py::test_apply_patch_to_copy PASSED      [ 94%]
tests/test_validation_workspace.py::test_apply_patch_does_not_modify_original PASSED [ 94%]
tests/test_validation_workspace.py::test_cleanup_deletes_temp PASSED     [ 95%]
tests/test_validation_workspace.py::test_cleanup_ignores_missing PASSED  [ 95%]
tests/test_validation_workspace.py::test_validation_workspace_context_manager PASSED [ 95%]
tests/test_validator.py::test_validator_run_returns_tuple PASSED         [ 96%]
tests/test_validator.py::test_validator_get_logger_uses_shared_helper PASSED [ 96%]
tests/test_workspace.py::test_create_run_directory PASSED                [ 96%]
tests/test_workspace.py::test_ensure_run_exists PASSED                   [ 96%]
tests/test_workspace.py::test_read_write_artifact PASSED                 [ 97%]
tests/test_workspace.py::test_write_artifact_rejects_traversal PASSED    [ 97%]
tests/test_workspace.py::test_write_artifact_unchecked_rejects_traversal PASSED [ 97%]
tests/test_workspace.py::test_read_artifact_rejects_traversal PASSED     [ 98%]
tests/test_workspace.py::test_read_write_run_json PASSED                 [ 98%]
tests/test_workspace_safety.py::test_default_workspace_is_external_and_stable PASSED [ 98%]
tests/test_workspace_safety.py::test_explicit_external_workspace_is_allowed PASSED [ 99%]
tests/test_workspace_safety.py::test_workspace_inside_target_is_rejected PASSED [ 99%]
tests/test_workspace_safety.py::test_direct_targetconfig_construction_rejects_internal_workspace PASSED [ 99%]
tests/test_workspace_safety.py::test_symlink_workspace_resolving_inside_target_is_rejected SKIPPED [100%]

======================= 330 passed, 2 skipped in 50.28s =======================
